//-------------------------- 7/9/2016 -- 11:50:34 -----
Processor Init:
   Intel (unknown, Pentium Pro/II/III family), ~2.60 Ghz
     (timed at roughly 2.59 Ghz)
   FPU detected
   MMX detected
   SSE detected
 
Math Init:
   Installing Standard C extensions
   Installing Assembly extensions
   Installing FPU extensions
   Installing MMX extensions
   Installing SSE extensions
 
Input Init:
   DirectInput enabled.

Initializing chunk mappings...
   o 'TEXT' maps to TextChunk
   o 'SCHK' maps to UnknownChunk
   o 'SCHK' maps to SimChunk
Loading compiled script D:/XATools/FunCode/Games/AirPlane2/Bin/common/main.cs.
Loading compiled script D:/XATools/FunCode/Games/AirPlane2/Bin/game/main.cs.
 % - Initializing Common
Loading compiled script D:/XATools/FunCode/Games/AirPlane2/Bin/common/preferences/defaultPrefs.cs.
Reading Display Device information...
   Primary Display Device Found:
      Vendor Id: VEN_0000
      Device Id: DEV_0000

Using OpenGL rendering. Fullscreen: 0

Loading compiled script D:/XATools/FunCode/Games/AirPlane2/Bin/common/gameScripts/xml.cs.
Loading compiled script D:/XATools/FunCode/Games/AirPlane2/Bin/common/gameScripts/properties.cs.
Loading compiled script D:/XATools/FunCode/Games/AirPlane2/Bin/common/gameScripts/common.cs.
Loading compiled script D:/XATools/FunCode/Games/AirPlane2/Bin/common/gameScripts/audio.cs.
Loading compiled script D:/XATools/FunCode/Games/AirPlane2/Bin/common/gameScripts/canvas.cs.
Loading compiled script D:/XATools/FunCode/Games/AirPlane2/Bin/common/gameScripts/cursor.cs.
Video Init:
   Accelerated OpenGL display device detected.
   Accelerated D3D device not detected.
   Voodoo 2 display device not detected.

Activating the OpenGL display device...
Activating the OpenGL display device...
Setting screen mode to 320x320x32 (w)...
Creating a new window...
Acquiring a new device context...
Pixel format set:
  32 color bits, 24 depth bits, 8 stencil bits
Creating a new rendering context...
Making the new rendering context current...
OpenGL driver information:
  Vendor: Intel
  Renderer: Intel(R) HD Graphics 4600
  Version: 4.3.0 - Build 20.19.15.4331
OpenGL Init: Enabled Extensions
  ARB_multitexture (Max Texture Units: 8)
  EXT_blend_color
  EXT_blend_minmax
  EXT_compiled_vertex_array
  EXT_texture_env_combine
  EXT_packed_pixels
  EXT_fog_coord
  ARB_texture_compression
  EXT_texture_compression_s3tc
  3DFX_texture_compression_FXT1
  (ARB|EXT)_texture_env_add
  EXT_texture_filter_anisotropic (Max anisotropy: 16)
OpenGL Init: Disabled Extensions
  EXT_paletted_texture
  NV_vertex_array_range
  WGL_EXT_swap_control

Max Texture Size reported as: 16384
Setting screen mode to 800x600x32 (w)...
OpenAL Driver Init:
 Missing OpenAL Extension function 'EAXSet'
 Missing OpenAL Extension function 'EAXGet'
   Vendor: Creative Labs Inc.
   Version: 1.1
   Renderer: Software
   Extensions: EAX EAX2.0 EAX3.0 EAX4.0 EAX5.0 EAX3.0EMULATED EAX4.0EMULATED AL_EXT_OFFSET AL_EXT_LINEAR_DISTANCE AL_EXT_EXPONENT_DISTANCE

Loading compiled script D:/XATools/FunCode/Games/AirPlane2/Bin/common/gui/profiles.cs.
Loading compiled script D:/XATools/FunCode/Games/AirPlane2/Bin/common/gui/cursors.cs.
Loading compiled script D:/XATools/FunCode/Games/AirPlane2/Bin/common/gui/messageBoxOk.gui.
Loading compiled script D:/XATools/FunCode/Games/AirPlane2/Bin/common/gui/messageBoxYesNo.gui.
Loading compiled script D:/XATools/FunCode/Games/AirPlane2/Bin/common/gui/messageBoxYesNoCancel.gui.
Loading compiled script D:/XATools/FunCode/Games/AirPlane2/Bin/common/gui/messageBoxOKCancel.gui.
Loading compiled script D:/XATools/FunCode/Games/AirPlane2/Bin/common/gui/messageBoxOKCancelDetailsDlg.gui.
Loading compiled script D:/XATools/FunCode/Games/AirPlane2/Bin/common/gui/messagePopup.gui.
Loading compiled script D:/XATools/FunCode/Games/AirPlane2/Bin/common/gui/options.gui.
Loading compiled script D:/XATools/FunCode/Games/AirPlane2/Bin/common/gui/remap.gui.
Loading compiled script D:/XATools/FunCode/Games/AirPlane2/Bin/common/gui/console.gui.
Loading compiled script D:/XATools/FunCode/Games/AirPlane2/Bin/common/gui/NetworkMenu.gui.
Loading compiled script D:/XATools/FunCode/Games/AirPlane2/Bin/common/gui/startServer.gui.
Loading compiled script D:/XATools/FunCode/Games/AirPlane2/Bin/common/gui/joinServer.gui.
Loading compiled script D:/XATools/FunCode/Games/AirPlane2/Bin/common/gui/waitingForServer.gui.
Loading compiled script D:/XATools/FunCode/Games/AirPlane2/Bin/common/gui/helpDlg.gui.
Loading compiled script D:/XATools/FunCode/Games/AirPlane2/Bin/common/gui/messageBox.cs.
Loading compiled script D:/XATools/FunCode/Games/AirPlane2/Bin/common/gui/help.cs.
Loading compiled script D:/XATools/FunCode/Games/AirPlane2/Bin/common/gui/chatGui.gui.
Loading compiled script D:/XATools/FunCode/Games/AirPlane2/Bin/common/gameScripts/screenshot.cs.
Loading compiled script D:/XATools/FunCode/Games/AirPlane2/Bin/common/gameScripts/metrics.cs.
Loading compiled script D:/XATools/FunCode/Games/AirPlane2/Bin/common/Gui/FrameOverlayGui.gui.
Loading compiled script D:/XATools/FunCode/Games/AirPlane2/Bin/common/gameScripts/scriptDoc.cs.
Loading compiled script D:/XATools/FunCode/Games/AirPlane2/Bin/common/gameScripts/keybindings.cs.
Loading compiled script D:/XATools/FunCode/Games/AirPlane2/Bin/common/gameScripts/options.cs.
Loading compiled script D:/XATools/FunCode/Games/AirPlane2/Bin/common/gameScripts/levelManagement.cs.
Loading compiled script D:/XATools/FunCode/Games/AirPlane2/Bin/common/gameScripts/projectManagement.cs.
Loading compiled script D:/XATools/FunCode/Games/AirPlane2/Bin/common/gameScripts/projectResources.cs.
Loading compiled script D:/XATools/FunCode/Games/AirPlane2/Bin/common/gameScripts/align.cs.

FunCode (v1.7.5) initialized...
Loading compiled script D:/XATools/FunCode/Games/AirPlane2/Bin/game/managed/datablocks.cs.
Loading compiled script D:/XATools/FunCode/Games/AirPlane2/Bin/game/managed/persistent.cs.
Loading compiled script D:/XATools/FunCode/Games/AirPlane2/Bin/game/managed/brushes.cs.
Loading compiled script D:/XATools/FunCode/Games/AirPlane2/Bin/game/gameScripts/datablocks.cs.
Loading compiled script D:/XATools/FunCode/Games/AirPlane2/Bin/game/gameScripts/guiProfiles.cs.
Loading compiled script D:/XATools/FunCode/Games/AirPlane2/Bin/game/gui/mainScreen.gui.
Loading compiled script D:/XATools/FunCode/Games/AirPlane2/Bin/game/gameScripts/game.cs.
Activating DirectInput...
DirectInput joystick failed to enable!
Compiling D:/XATools/FunCode/Games/AirPlane2/Bin/game/data/levels/level.t2d...
Loading compiled script D:/XATools/FunCode/Games/AirPlane2/Bin/game/data/levels/level.t2d.
t2dStaticSprite::setFrame() - Cannot set Frame without existing t2dImageMapDatablock Datablock!
t2dSceneGraph::addToScene() - Object '1397' is already in a SceneGraph!.
t2dSceneGraph::addToScene() - Object '1398' is already in a SceneGraph!.
t2dSceneGraph::addToScene() - Object '1399' is already in a SceneGraph!.
t2dSceneGraph::addToScene() - Object '1400' is already in a SceneGraph!.
t2dSceneGraph::addToScene() - Object '1401' is already in a SceneGraph!.
t2dSceneGraph::addToScene() - Object '1402' is already in a SceneGraph!.
t2dSceneGraph::addToScene() - Object '1403' is already in a SceneGraph!.
t2dSceneGraph::addToScene() - Object '1404' is already in a SceneGraph!.
t2dSceneGraph::addToScene() - Object '1405' is already in a SceneGraph!.
t2dSceneGraph::addToScene() - Object '1406' is already in a SceneGraph!.
t2dSceneGraph::addToScene() - Object '1407' is already in a SceneGraph!.
t2dSceneGraph::addToScene() - Object '1408' is already in a SceneGraph!.
t2dSceneGraph::addToScene() - Object '1409' is already in a SceneGraph!.
t2dSceneGraph::addToScene() - Object '1410' is already in a SceneGraph!.
t2dSceneGraph::addToScene() - Object '1411' is already in a SceneGraph!.
t2dSceneGraph::addToScene() - Object '1412' is already in a SceneGraph!.
t2dSceneGraph::addToScene() - Object '1413' is already in a SceneGraph!.
t2dSceneGraph::addToScene() - Object '1414' is already in a SceneGraph!.
t2dSceneGraph::addToScene() - Object '1415' is already in a SceneGraph!.
t2dSceneGraph::addToScene() - Object '1416' is already in a SceneGraph!.
t2dSceneGraph::addToScene() - Object '1417' is already in a SceneGraph!.
t2dSceneGraph::addToScene() - Object '1418' is already in a SceneGraph!.
t2dSceneGraph::addToScene() - Object '1419' is already in a SceneGraph!.
t2dSceneGraph::addToScene() - Object '1420' is already in a SceneGraph!.
t2dSceneGraph::addToScene() - Object '1421' is already in a SceneGraph!.
t2dSceneGraph::addToScene() - Object '1422' is already in a SceneGraph!.
t2dSceneGraph::addToScene() - Object '1423' is already in a SceneGraph!.
t2dSceneGraph::addToScene() - Object '1428' is already in a SceneGraph!.
t2dSceneGraph::addToScene() - Object '1431' is already in a SceneGraph!.
t2dSceneGraph::addToScene() - Object '1436' is already in a SceneGraph!.
t2dSceneGraph::addToScene() - Object '1439' is already in a SceneGraph!.
t2dSceneGraph::addToScene() - Object '1444' is already in a SceneGraph!.
t2dSceneGraph::addToScene() - Object '1447' is already in a SceneGraph!.
t2dSceneGraph::addToScene() - Object '1452' is already in a SceneGraph!.
t2dSceneGraph::addToScene() - Object '1457' is already in a SceneGraph!.
t2dSceneGraph::addToScene() - Object '1458' is already in a SceneGraph!.
t2dSceneGraph::addToScene() - Object '1459' is already in a SceneGraph!.
t2dSceneGraph::addToScene() - Object '1460' is already in a SceneGraph!.
t2dSceneGraph::addToScene() - Object '1465' is already in a SceneGraph!.
t2dSceneGraph::addToScene() - Object '1470' is already in a SceneGraph!.
t2dSceneGraph::addToScene() - Object '1475' is already in a SceneGraph!.
t2dSceneGraph::addToScene() - Object '1476' is already in a SceneGraph!.
t2dSceneGraph::addToScene() - Object '1477' is already in a SceneGraph!.
t2dSceneGraph::addToScene() - Object '1478' is already in a SceneGraph!.
t2dSceneGraph::addToScene() - Object '1479' is already in a SceneGraph!.
t2dSceneGraph::addToScene() - Object '1480' is already in a SceneGraph!.
t2dSceneGraph::addToScene() - Object '1481' is already in a SceneGraph!.
t2dSceneGraph::addToScene() - Object '1482' is already in a SceneGraph!.
t2dSceneGraph::addToScene() - Object '1483' is already in a SceneGraph!.
t2dSceneGraph::addToScene() - Object '1484' is already in a SceneGraph!.
t2dSceneGraph::addToScene() - Object '1485' is already in a SceneGraph!.
t2dSceneGraph::addToScene() - Object '1486' is already in a SceneGraph!.
t2dSceneGraph::addToScene() - Object '1487' is already in a SceneGraph!.
t2dSceneGraph::addToScene() - Object '1488' is already in a SceneGraph!.
t2dSceneGraph::addToScene() - Object '1489' is already in a SceneGraph!.
t2dSceneGraph::addToScene() - Object '1490' is already in a SceneGraph!.
t2dSceneGraph::addToScene() - Object '1495' is already in a SceneGraph!.
t2dSceneGraph::addToScene() - Object '1500' is already in a SceneGraph!.
t2dSceneGraph::addToScene() - Object '1505' is already in a SceneGraph!.
t2dSceneGraph::addToScene() - Object '1508' is already in a SceneGraph!.
t2dSceneGraph::addToScene() - Object '1513' is already in a SceneGraph!.
t2dSceneGraph::addToScene() - Object '1518' is already in a SceneGraph!.
t2dSceneGraph::addToScene() - Object '1523' is already in a SceneGraph!.
t2dSceneGraph::addToScene() - Object '1524' is already in a SceneGraph!.
t2dSceneGraph::addToScene() - Object '1525' is already in a SceneGraph!.
t2dSceneGraph::addToScene() - Object '1526' is already in a SceneGraph!.
t2dSceneGraph::addToScene() - Object '1527' is already in a SceneGraph!.
t2dSceneGraph::addToScene() - Object '1528' is already in a SceneGraph!.
t2dSceneGraph::addToScene() - Object '1529' is already in a SceneGraph!.
t2dSceneGraph::addToScene() - Object '1530' is already in a SceneGraph!.
t2dSceneGraph::addToScene() - Object '1531' is already in a SceneGraph!.
t2dSceneGraph::addToScene() - Object '1532' is already in a SceneGraph!.
t2dSceneGraph::addToScene() - Object '1533' is already in a SceneGraph!.
t2dSceneGraph::addToScene() - Object '1534' is already in a SceneGraph!.
t2dSceneGraph::addToScene() - Object '1535' is already in a SceneGraph!.
t2dSceneGraph::addToScene() - Object '1536' is already in a SceneGraph!.
t2dSceneGraph::addToScene() - Object '1537' is already in a SceneGraph!.
t2dSceneGraph::addToScene() - Object '1538' is already in a SceneGraph!.
t2dSceneGraph::addToScene() - Object '1539' is already in a SceneGraph!.
t2dSceneGraph::addToScene() - Object '1540' is already in a SceneGraph!.
t2dSceneGraph::addToScene() - Object '1541' is already in a SceneGraph!.
t2dSceneGraph::addToScene() - Object '1542' is already in a SceneGraph!.
t2dSceneGraph::addToScene() - Object '1543' is already in a SceneGraph!.
t2dSceneGraph::addToScene() - Object '1544' is already in a SceneGraph!.
t2dSceneGraph::addToScene() - Object '1549' is already in a SceneGraph!.
t2dSceneGraph::addToScene() - Object '1552' is already in a SceneGraph!.
t2dSceneGraph::addToScene() - Object '1557' is already in a SceneGraph!.
t2dSceneGraph::addToScene() - Object '1562' is already in a SceneGraph!.
t2dSceneGraph::addToScene() - Object '1563' is already in a SceneGraph!.
t2dSceneGraph::addToScene() - Object '1564' is already in a SceneGraph!.
t2dSceneGraph::addToScene() - Object '1565' is already in a SceneGraph!.
t2dSceneGraph::addToScene() - Object '1566' is already in a SceneGraph!.
t2dSceneGraph::addToScene() - Object '1567' is already in a SceneGraph!.
t2dSceneGraph::addToScene() - Object '1572' is already in a SceneGraph!.
t2dSceneGraph::addToScene() - Object '1577' is already in a SceneGraph!.
t2dSceneGraph::addToScene() - Object '1582' is already in a SceneGraph!.
t2dSceneGraph::addToScene() - Object '1583' is already in a SceneGraph!.
t2dSceneGraph::addToScene() - Object '1584' is already in a SceneGraph!.
t2dSceneGraph::addToScene() - Object '1585' is already in a SceneGraph!.
t2dSceneGraph::addToScene() - Object '1586' is already in a SceneGraph!.
t2dSceneGraph::addToScene() - Object '1587' is already in a SceneGraph!.
t2dSceneGraph::addToScene() - Object '1588' is already in a SceneGraph!.
t2dSceneGraph::addToScene() - Object '1589' is already in a SceneGraph!.
t2dSceneGraph::addToScene() - Object '1594' is already in a SceneGraph!.
t2dSceneGraph::addToScene() - Object '1597' is already in a SceneGraph!.
t2dSceneGraph::addToScene() - Object '1598' is already in a SceneGraph!.
t2dSceneGraph::addToScene() - Object '1599' is already in a SceneGraph!.
t2dSceneGraph::addToScene() - Object '1600' is already in a SceneGraph!.
t2dSceneGraph::addToScene() - Object '1601' is already in a SceneGraph!.
t2dSceneGraph::addToScene() - Object '1602' is already in a SceneGraph!.
t2dSceneGraph::addToScene() - Object '1603' is already in a SceneGraph!.
t2dSceneGraph::addToScene() - Object '1604' is already in a SceneGraph!.
t2dSceneGraph::addToScene() - Object '1605' is already in a SceneGraph!.
t2dSceneGraph::addToScene() - Object '1606' is already in a SceneGraph!.
t2dSceneGraph::addToScene() - Object '1607' is already in a SceneGraph!.
t2dSceneGraph::addToScene() - Object '1608' is already in a SceneGraph!.
t2dSceneGraph::addToScene() - Object '1609' is already in a SceneGraph!.
t2dSceneGraph::addToScene() - Object '1610' is already in a SceneGraph!.
t2dSceneGraph::addToScene() - Object '1611' is already in a SceneGraph!.
t2dSceneGraph::addToScene() - Object '1616' is already in a SceneGraph!.
t2dSceneGraph::addToScene() - Object '1621' is already in a SceneGraph!.
t2dSceneGraph::addToScene() - Object '1626' is already in a SceneGraph!.
t2dSceneGraph::addToScene() - Object '1631' is already in a SceneGraph!.
t2dSceneGraph::addToScene() - Object '1636' is already in a SceneGraph!.
t2dSceneGraph::addToScene() - Object '1637' is already in a SceneGraph!.
t2dSceneGraph::addToScene() - Object '1638' is already in a SceneGraph!.
t2dSceneGraph::addToScene() - Object '1639' is already in a SceneGraph!.
t2dSceneGraph::addToScene() - Object '1640' is already in a SceneGraph!.
t2dSceneGraph::addToScene() - Object '1641' is already in a SceneGraph!.
t2dSceneGraph::addToScene() - Object '1642' is already in a SceneGraph!.
t2dSceneGraph::addToScene() - Object '1643' is already in a SceneGraph!.
t2dSceneGraph::addToScene() - Object '1644' is already in a SceneGraph!.
t2dSceneGraph::addToScene() - Object '1645' is already in a SceneGraph!.
t2dSceneGraph::addToScene() - Object '1646' is already in a SceneGraph!.
t2dSceneGraph::addToScene() - Object '1647' is already in a SceneGraph!.
t2dSceneGraph::addToScene() - Object '1648' is already in a SceneGraph!.
t2dSceneGraph::addToScene() - Object '1649' is already in a SceneGraph!.
t2dSceneGraph::addToScene() - Object '1650' is already in a SceneGraph!.
t2dSceneGraph::addToScene() - Object '1651' is already in a SceneGraph!.
t2dSceneGraph::addToScene() - Object '1652' is already in a SceneGraph!.
t2dSceneGraph::addToScene() - Object '1653' is already in a SceneGraph!.
t2dSceneGraph::addToScene() - Object '1654' is already in a SceneGraph!.
t2dSceneGraph::addToScene() - Object '1655' is already in a SceneGraph!.
t2dSceneGraph::addToScene() - Object '1656' is already in a SceneGraph!.
t2dSceneGraph::addToScene() - Object '1657' is already in a SceneGraph!.
t2dSceneGraph::addToScene() - Object '1658' is already in a SceneGraph!.
t2dSceneGraph::addToScene() - Object '1659' is already in a SceneGraph!.
t2dSceneGraph::addToScene() - Object '1660' is already in a SceneGraph!.
t2dSceneGraph::addToScene() - Object '1665' is already in a SceneGraph!.
t2dSceneGraph::addToScene() - Object '1668' is already in a SceneGraph!.
t2dSceneGraph::addToScene() - Object '1669' is already in a SceneGraph!.
t2dSceneGraph::addToScene() - Object '1670' is already in a SceneGraph!.
t2dSceneGraph::addToScene() - Object '1671' is already in a SceneGraph!.
t2dSceneGraph::addToScene() - Object '1672' is already in a SceneGraph!.
t2dSceneGraph::addToScene() - Object '1673' is already in a SceneGraph!.
t2dSceneGraph::addToScene() - Object '1674' is already in a SceneGraph!.
t2dSceneGraph::addToScene() - Object '1675' is already in a SceneGraph!.
t2dSceneGraph::addToScene() - Object '1676' is already in a SceneGraph!.
t2dSceneGraph::addToScene() - Object '1677' is already in a SceneGraph!.
t2dSceneGraph::addToScene() - Object '1678' is already in a SceneGraph!.
t2dSceneGraph::addToScene() - Object '1683' is already in a SceneGraph!.
t2dSceneGraph::addToScene() - Object '1688' is already in a SceneGraph!.
t2dSceneGraph::addToScene() - Object '1693' is already in a SceneGraph!.
t2dSceneGraph::addToScene() - Object '1696' is already in a SceneGraph!.
t2dSceneGraph::addToScene() - Object '1697' is already in a SceneGraph!.
t2dSceneGraph::addToScene() - Object '1698' is already in a SceneGraph!.
t2dSceneGraph::addToScene() - Object '1699' is already in a SceneGraph!.
t2dSceneGraph::addToScene() - Object '1700' is already in a SceneGraph!.
t2dSceneGraph::addToScene() - Object '1701' is already in a SceneGraph!.
t2dSceneGraph::addToScene() - Object '1702' is already in a SceneGraph!.
t2dSceneGraph::addToScene() - Object '1707' is already in a SceneGraph!.
t2dSceneGraph::addToScene() - Object '1712' is already in a SceneGraph!.
t2dSceneGraph::addToScene() - Object '1717' is already in a SceneGraph!.
t2dSceneGraph::addToScene() - Object '1722' is already in a SceneGraph!.
t2dSceneGraph::addToScene() - Object '1725' is already in a SceneGraph!.
t2dSceneGraph::addToScene() - Object '1726' is already in a SceneGraph!.
t2dSceneGraph::addToScene() - Object '1727' is already in a SceneGraph!.
t2dSceneGraph::addToScene() - Object '1728' is already in a SceneGraph!.
t2dSceneGraph::addToScene() - Object '1729' is already in a SceneGraph!.
t2dSceneGraph::addToScene() - Object '1730' is already in a SceneGraph!.
t2dSceneGraph::addToScene() - Object '1731' is already in a SceneGraph!.
t2dSceneGraph::addToScene() - Object '1732' is already in a SceneGraph!.
t2dSceneGraph::addToScene() - Object '1733' is already in a SceneGraph!.
t2dSceneGraph::addToScene() - Object '1738' is already in a SceneGraph!.
t2dSceneGraph::addToScene() - Object '1741' is already in a SceneGraph!.
t2dSceneGraph::addToScene() - Object '1742' is already in a SceneGraph!.
t2dSceneGraph::addToScene() - Object '1743' is already in a SceneGraph!.
t2dSceneGraph::addToScene() - Object '1744' is already in a SceneGraph!.
t2dSceneGraph::addToScene() - Object '1745' is already in a SceneGraph!.
t2dSceneGraph::addToScene() - Object '1746' is already in a SceneGraph!.
t2dSceneGraph::addToScene() - Object '1747' is already in a SceneGraph!.
t2dSceneGraph::addToScene() - Object '1748' is already in a SceneGraph!.
DirectInput deactivated.
Shutting down the OpenGL display device...
Making the GL rendering context not current...
Deleting the GL rendering context...
Releasing the device context...
