生成启动时间为 2016/7/9 11:50:28。
项目“D:\XATools\FunCode\Games\AirPlane2\SourceCode\VCProject2010\VCProject2010\VCProject2010.vcxproj”在节点 2 上(Build 个目标)。
ClCompile:
  D:\Microsoft Visual Studio 12.0\VC\bin\CL.exe /c /I../../Header /ZI /nologo /W3 /WX- /Od /Oy- /D WIN32 /D _DEBUG /D _WINDOWS /Gm /EHsc /RTC1 /MDd /GS /fp:precise /Zc:wchar_t /Zc:forScope /Fo"Debug\\" /Fd"Debug\vc120.pdb" /Gd /TP /analyze- /errorReport:prompt ..\..\Src\LessonX.cpp
  LessonX.cpp
d:\xatools\funcode\games\airplane2\sourcecode\src\lessonx.cpp(75): warning C4996: 'strcpy': This function or variable may be unsafe. Consider using strcpy_s instead. To disable deprecation, use _CRT_SECURE_NO_WARNINGS. See online help for details.
          d:\microsoft visual studio 12.0\vc\include\string.h(112) : 参见“strcpy”的声明
d:\xatools\funcode\games\airplane2\sourcecode\src\lessonx.cpp(86): warning C4996: 'strcpy': This function or variable may be unsafe. Consider using strcpy_s instead. To disable deprecation, use _CRT_SECURE_NO_WARNINGS. See online help for details.
          d:\microsoft visual studio 12.0\vc\include\string.h(112) : 参见“strcpy”的声明
d:\xatools\funcode\games\airplane2\sourcecode\src\lessonx.cpp(274): warning C4996: 'fopen': This function or variable may be unsafe. Consider using fopen_s instead. To disable deprecation, use _CRT_SECURE_NO_WARNINGS. See online help for details.
          d:\microsoft visual studio 12.0\vc\include\stdio.h(211) : 参见“fopen”的声明
d:\xatools\funcode\games\airplane2\sourcecode\src\lessonx.cpp(298): warning C4305: “=”: 从“double”到“float”截断
d:\xatools\funcode\games\airplane2\sourcecode\src\lessonx.cpp(307): warning C4305: “=”: 从“double”到“float”截断
d:\xatools\funcode\games\airplane2\sourcecode\src\lessonx.cpp(380): warning C4996: 'fopen': This function or variable may be unsafe. Consider using fopen_s instead. To disable deprecation, use _CRT_SECURE_NO_WARNINGS. See online help for details.
          d:\microsoft visual studio 12.0\vc\include\stdio.h(211) : 参见“fopen”的声明
d:\xatools\funcode\games\airplane2\sourcecode\src\lessonx.cpp(400): warning C4996: 'fopen': This function or variable may be unsafe. Consider using fopen_s instead. To disable deprecation, use _CRT_SECURE_NO_WARNINGS. See online help for details.
          d:\microsoft visual studio 12.0\vc\include\stdio.h(211) : 参见“fopen”的声明
d:\xatools\funcode\games\airplane2\sourcecode\src\lessonx.cpp(696): warning C4996: 'sprintf': This function or variable may be unsafe. Consider using sprintf_s instead. To disable deprecation, use _CRT_SECURE_NO_WARNINGS. See online help for details.
          d:\microsoft visual studio 12.0\vc\include\stdio.h(356) : 参见“sprintf”的声明
d:\xatools\funcode\games\airplane2\sourcecode\src\lessonx.cpp(741): warning C4996: 'sprintf': This function or variable may be unsafe. Consider using sprintf_s instead. To disable deprecation, use _CRT_SECURE_NO_WARNINGS. See online help for details.
          d:\microsoft visual studio 12.0\vc\include\stdio.h(356) : 参见“sprintf”的声明
d:\xatools\funcode\games\airplane2\sourcecode\src\lessonx.cpp(777): warning C4996: 'sprintf': This function or variable may be unsafe. Consider using sprintf_s instead. To disable deprecation, use _CRT_SECURE_NO_WARNINGS. See online help for details.
          d:\microsoft visual studio 12.0\vc\include\stdio.h(356) : 参见“sprintf”的声明
d:\xatools\funcode\games\airplane2\sourcecode\src\lessonx.cpp(813): warning C4996: 'sprintf': This function or variable may be unsafe. Consider using sprintf_s instead. To disable deprecation, use _CRT_SECURE_NO_WARNINGS. See online help for details.
          d:\microsoft visual studio 12.0\vc\include\stdio.h(356) : 参见“sprintf”的声明
Link:
  D:\Microsoft Visual Studio 12.0\VC\bin\link.exe /ERRORREPORT:PROMPT /OUT:"..\..\..\Bin\Game.exe" /INCREMENTAL:NO /NOLOGO Winmm.lib ..\..\Src\CommonAPI_2010.Lib kernel32.lib user32.lib gdi32.lib winspool.lib comdlg32.lib advapi32.lib shell32.lib ole32.lib oleaut32.lib uuid.lib odbc32.lib odbccp32.lib /MANIFEST:NO /DEBUG /PDB:"Debug\Game.pdb" /SUBSYSTEM:WINDOWS /TLBID:1 /DYNAMICBASE /NXCOMPAT /IMPLIB:"..\..\..\Bin\Game.lib" /MACHINE:X86 /SAFESEH Debug\VCTemplate.res
  Debug\LessonX.obj
  Debug\ListX.obj
  Debug\Main.obj
LessonX.obj : warning LNK4075: 忽略“/EDITANDCONTINUE”(由于“/OPT:LBR”规范)
LINK : warning LNK4098: 默认库“LIBCMT”与其他库的使用冲突；请使用 /NODEFAULTLIB:library
CommonAPI_2010.Lib(CommonAPI.obj) : warning LNK4099: 未找到 PDB“vc100.pdb”(使用“CommonAPI_2010.Lib(CommonAPI.obj)”或在“D:\XATools\FunCode\Games\AirPlane2\SourceCode\VCProject2010\VCProject2010\Debug\vc100.pdb”中寻找)；正在链接对象，如同没有调试信息一样
  VCProject2010.vcxproj -> D:\XATools\FunCode\Games\AirPlane2\SourceCode\VCProject2010\VCProject2010\..\..\..\Bin\Game.exe
已完成生成项目“D:\XATools\FunCode\Games\AirPlane2\SourceCode\VCProject2010\VCProject2010\VCProject2010.vcxproj”(Build 个目标)的操作。

生成成功。

已用时间 00:00:02.29
